<?xml version="1.0" encoding="UTF-8"?>
<!-- Generated by org.testng.reporters.JUnitReportReporter -->
<testsuite skipped="0" hostname="LAPTOP-OV9V0JCR" name="BAPICodeChallenge.Test2_Product_Filter_color_38934" tests="1" failures="0" timestamp="2022-02-17T14:28:32 IST" time="5.908" errors="0">
  <testcase name="CompareProductVsFilterCount" time="5.908" classname="BAPICodeChallenge.Test2_Product_Filter_color_38934"/>
  <system-out/>
</testsuite> <!-- BAPICodeChallenge.Test2_Product_Filter_color_38934 -->
