<?xml version="1.0" encoding="UTF-8"?>
<!-- Generated by org.testng.reporters.JUnitReportReporter -->
<testsuite skipped="0" hostname="LAPTOP-OV9V0JCR" name="BAPICodeChallenge.Test1_Product_Filter_isnew_true" tests="1" failures="0" timestamp="2022-02-17T10:58:49 IST" time="5.356" errors="0">
  <testcase name="CompareProductVsFilterCount" time="5.356" classname="BAPICodeChallenge.Test1_Product_Filter_isnew_true"/>
  <system-out/>
</testsuite> <!-- BAPICodeChallenge.Test1_Product_Filter_isnew_true -->
