<?xml version="1.0" encoding="UTF-8"?>
<!-- Generated by org.testng.reporters.JUnitReportReporter -->
<testsuite skipped="0" hostname="LAPTOP-OV9V0JCR" name="BAPICodeChallenge.Test6_Product_Filter_brand_1127_OnSale" tests="1" failures="0" timestamp="2022-02-17T12:31:03 IST" time="2.766" errors="0">
  <testcase name="CompareProductVsFilterCount" time="2.766" classname="BAPICodeChallenge.Test6_Product_Filter_brand_1127_OnSale"/>
  <system-out/>
</testsuite> <!-- BAPICodeChallenge.Test6_Product_Filter_brand_1127_OnSale -->
