<?xml version="1.0" encoding="UTF-8"?>
<!-- Generated by org.testng.reporters.JUnitReportReporter -->
<testsuite skipped="0" hostname="LAPTOP-OV9V0JCR" name="BAPICodeChallenge.Test7_Product_Filter_brand_1127_NotOnSale" tests="1" failures="0" timestamp="2022-02-17T12:31:03 IST" time="1.905" errors="0">
  <testcase name="CompareProductVsFilterCount" time="1.905" classname="BAPICodeChallenge.Test7_Product_Filter_brand_1127_NotOnSale"/>
  <system-out/>
</testsuite> <!-- BAPICodeChallenge.Test7_Product_Filter_brand_1127_NotOnSale -->
