<?xml version="1.0" encoding="UTF-8"?>
<!-- Generated by org.testng.reporters.JUnitReportReporter -->
<testsuite skipped="0" hostname="LAPTOP-OV9V0JCR" name="BAPICodeChallenge.Test5_Product_Filter_isnew_false" tests="1" failures="0" timestamp="2022-02-17T12:31:03 IST" time="1.802" errors="0">
  <testcase name="CompareProductVsFilterCount" time="1.802" classname="BAPICodeChallenge.Test5_Product_Filter_isnew_false"/>
  <system-out/>
</testsuite> <!-- BAPICodeChallenge.Test5_Product_Filter_isnew_false -->
